::1 - - [02/May/2017:15:38:00 -0300] "GET / HTTP/1.1" 200 1154
::1 - - [02/May/2017:15:38:05 -0300] "GET /favicon.ico HTTP/1.1" 404 209
::1 - - [02/May/2017:15:38:00 -0300] "GET /phpmyadmin/ HTTP/1.1" 200 8063
::1 - - [02/May/2017:15:38:12 -0300] "GET /phpmyadmin/js/get_scripts.js.php?scripts[]=jquery/jquery-1.8.3.js&scripts[]=ajax.js&scripts[]=keyhandler.js&scripts[]=jquery/jquery-ui-1.9.2.custom.js&scripts[]=jquery/jquery.sprintf.js&scripts[]=jquery/jquery.cookie.js&scripts[]=jquery/jquery.mousewheel.js&scripts[]=jquery/jquery.event.drag-2.2.js&scripts[]=jquery/jquery-ui-timepicker-addon.js&scripts[]=jquery/jquery.ba-hashchange-1.3.js&scripts[]=jquery/jquery.debounce-1.0.5.js&scripts[]=jquery/jquery.menuResizer-1.0.js&scripts[]=rte.js&scripts[]=functions.js&scripts[]=navigation.js&scripts[]=indexes.js&scripts[]=common.js&scripts[]=codemirror/lib/codemirror.js&scripts[]=codemirror/mode/mysql/mysql.js HTTP/1.1" 200 578621
::1 - - [02/May/2017:15:38:12 -0300] "GET /phpmyadmin/phpmyadmin.css.php?server=1&token=a2ae5544bffbb5999a70df4dac9a6738&nocache=4480976280ltr HTTP/1.1" 200 92653
::1 - - [02/May/2017:15:38:12 -0300] "GET /phpmyadmin/js/messages.php?lang=pt&db=&server=0&token=4a6d1613103813a2dc4ef8c6c86e260c HTTP/1.1" 200 18108
::1 - - [02/May/2017:15:40:27 -0300] "POST /phpmyadmin/index.php HTTP/1.1" 302 -
::1 - - [02/May/2017:15:40:28 -0300] "GET /phpmyadmin/index.php?token=a2ae5544bffbb5999a70df4dac9a6738 HTTP/1.1" 200 47255
::1 - - [02/May/2017:15:40:30 -0300] "GET /phpmyadmin/phpmyadmin.css.php?server=1&token=a2ae5544bffbb5999a70df4dac9a6738&nocache=5974726709ltr HTTP/1.1" 200 92653
::1 - - [02/May/2017:15:40:30 -0300] "GET /phpmyadmin/js/messages.php?lang=pt&db=&server=0&token=a2ae5544bffbb5999a70df4dac9a6738 HTTP/1.1" 200 18108
::1 - - [02/May/2017:15:40:31 -0300] "GET /locacao.php HTTP/1.1" 200 1704
::1 - - [02/May/2017:15:40:31 -0300] "GET /phpmyadmin/version_check.php?&_nocache=1493750431065893617 HTTP/1.1" 200 39
::1 - - [02/May/2017:15:43:11 -0300] "GET /phpmyadmin/server_databases.php?db=&token=a2ae5544bffbb5999a70df4dac9a6738&ajax_request=true&ajax_page_request=true&menuHashes=2cfebffa&_nocache=1493750591559482646 HTTP/1.1" 200 40223
::1 - - [02/May/2017:15:43:12 -0300] "GET /phpmyadmin/js/get_scripts.js.php?scripts[]=server_databases.js HTTP/1.1" 200 1818
::1 - - [02/May/2017:15:43:17 -0300] "GET /phpmyadmin/db_structure.php?token=a2ae5544bffbb5999a70df4dac9a6738&db=locador&ajax_request=true&ajax_page_request=true&menuHashes=2cfebffa-13d7816d&_nocache=1493750597801174877 HTTP/1.1" 200 15709
::1 - - [02/May/2017:15:43:19 -0300] "GET /phpmyadmin/js/get_scripts.js.php?scripts[]=db_structure.js&scripts[]=tbl_change.js HTTP/1.1" 200 12382
::1 - - [02/May/2017:15:43:25 -0300] "GET /phpmyadmin/sql.php?db=locador&token=a2ae5544bffbb5999a70df4dac9a6738&goto=db_structure.php&table=livros&pos=0&ajax_request=true&ajax_page_request=true&menuHashes=32461875-2cfebffa-13d7816d&_nocache=1493750605099669650 HTTP/1.1" 200 39881
::1 - - [02/May/2017:15:43:28 -0300] "GET /phpmyadmin/index.php?ajax_request=1&recent_table=1&token=a2ae5544bffbb5999a70df4dac9a6738 HTTP/1.1" 200 213
::1 - - [02/May/2017:15:52:13 -0300] "GET /listalivros.php HTTP/1.1" 200 2465
::1 - - [02/May/2017:15:52:29 -0300] "GET /listalivros.php HTTP/1.1" 200 2479
::1 - - [02/May/2017:15:52:43 -0300] "GET /listalivros.php HTTP/1.1" 200 1278
::1 - - [02/May/2017:15:53:07 -0300] "GET /listalivros.php HTTP/1.1" 200 2479
::1 - - [02/May/2017:15:53:20 -0300] "GET /listalivros.php HTTP/1.1" 200 2465
::1 - - [02/May/2017:15:55:55 -0300] "GET /listalivros.php HTTP/1.1" 200 2465
::1 - - [02/May/2017:15:55:55 -0300] "GET /listalivros.php HTTP/1.1" 200 2465
::1 - - [02/May/2017:15:55:56 -0300] "GET /listalivros.php HTTP/1.1" 200 2465
::1 - - [02/May/2017:15:55:56 -0300] "GET /listalivros.php HTTP/1.1" 200 2465
::1 - - [02/May/2017:15:55:56 -0300] "GET /listalivros.php HTTP/1.1" 200 2465
::1 - - [02/May/2017:15:56:10 -0300] "GET /listalivros.php HTTP/1.1" 200 2467
::1 - - [02/May/2017:15:56:24 -0300] "GET /listalivros.php HTTP/1.1" 200 1273
::1 - - [02/May/2017:15:56:30 -0300] "GET /listalivros.php HTTP/1.1" 200 2465
::1 - - [02/May/2017:15:57:19 -0300] "GET /administrador.php HTTP/1.1" 200 1125
::1 - - [02/May/2017:15:57:22 -0300] "GET /formulario.php HTTP/1.1" 200 1852
::1 - - [02/May/2017:15:57:24 -0300] "GET /formulario_user.php HTTP/1.1" 200 1764
::1 - - [02/May/2017:15:57:26 -0300] "GET /listar_user.php HTTP/1.1" 200 1753
::1 - - [02/May/2017:15:57:49 -0300] "GET /index.php HTTP/1.1" 200 1154
::1 - - [02/May/2017:15:57:51 -0300] "GET /listalivros.php HTTP/1.1" 200 2465
::1 - - [02/May/2017:15:58:02 -0300] "GET /listalivros.php HTTP/1.1" 200 2465
::1 - - [02/May/2017:15:58:04 -0300] "GET /locacao.php HTTP/1.1" 200 1704
::1 - - [02/May/2017:15:58:06 -0300] "GET /index.php HTTP/1.1" 200 1154
::1 - - [02/May/2017:15:58:09 -0300] "GET /listalivros.php HTTP/1.1" 200 2465
::1 - - [02/May/2017:16:00:21 -0300] "GET /listalivros.php HTTP/1.1" 200 2473
::1 - - [02/May/2017:16:00:41 -0300] "GET /listalivros.php HTTP/1.1" 200 2473
::1 - - [02/May/2017:16:02:51 -0300] "GET /listalivros.php HTTP/1.1" 200 1281
::1 - - [02/May/2017:16:03:22 -0300] "GET /listalivros.php HTTP/1.1" 200 6067
::1 - - [02/May/2017:16:03:29 -0300] "GET /listalivros.php HTTP/1.1" 200 2415
::1 - - [02/May/2017:16:04:00 -0300] "GET /listalivros.php HTTP/1.1" 200 2415
::1 - - [02/May/2017:16:04:10 -0300] "GET /phpmyadmin/db_structure.php?db=locador&token=a2ae5544bffbb5999a70df4dac9a6738&ajax_request=true&ajax_page_request=true&menuHashes=32461875-2cfebffa-13d7816d-b502aa5b&_nocache=1493751850056989761 HTTP/1.1" 200 12483
::1 - - [02/May/2017:16:04:11 -0300] "GET /phpmyadmin/sql.php?db=locador&token=a2ae5544bffbb5999a70df4dac9a6738&goto=db_structure.php&table=usuarios&pos=0&ajax_request=true&ajax_page_request=true&menuHashes=32461875-2cfebffa-13d7816d-b502aa5b&_nocache=1493751851783996895 HTTP/1.1" 200 32465
::1 - - [02/May/2017:16:04:12 -0300] "GET /phpmyadmin/index.php?ajax_request=1&recent_table=1&token=a2ae5544bffbb5999a70df4dac9a6738 HTTP/1.1" 200 337
::1 - - [02/May/2017:16:24:27 -0300] "GET /listalivros.php HTTP/1.1" 200 2415
::1 - - [02/May/2017:16:24:28 -0300] "GET /listalivros.php HTTP/1.1" 200 2415
::1 - - [02/May/2017:16:24:29 -0300] "GET /locacao.php HTTP/1.1" 200 1704
::1 - - [02/May/2017:16:24:40 -0300] "GET /phpmyadmin/index.php?token=a2ae5544bffbb5999a70df4dac9a6738 HTTP/1.1" 200 47438
::1 - - [02/May/2017:16:24:41 -0300] "GET /phpmyadmin/themes/pmahomme/img/logo_left.png HTTP/1.1" 304 -
::1 - - [02/May/2017:16:24:41 -0300] "GET /phpmyadmin/themes/pmahomme/img/ajax_clock_small.gif HTTP/1.1" 304 -
::1 - - [02/May/2017:16:24:41 -0300] "GET /phpmyadmin/sql.php?db=locador&table=usuarios&server=1&target=&token=a2ae5544bffbb5999a70df4dac9a6738 HTTP/1.1" 200 38539
::1 - - [02/May/2017:16:24:41 -0300] "GET /phpmyadmin/js/messages.php?lang=pt&db=locador&token=a2ae5544bffbb5999a70df4dac9a6738 HTTP/1.1" 200 18108
::1 - - [02/May/2017:16:24:41 -0300] "GET /phpmyadmin/themes/pmahomme/img/s_fulltext.png HTTP/1.1" 304 -
::1 - - [02/May/2017:16:24:41 -0300] "GET /phpmyadmin/themes/pmahomme/img/arrow_ltr.png HTTP/1.1" 304 -
::1 - - [02/May/2017:16:24:41 -0300] "GET /phpmyadmin/js/get_scripts.js.php?scripts[]=jquery/jquery-1.8.3.js&scripts[]=ajax.js&scripts[]=keyhandler.js&scripts[]=jquery/jquery-ui-1.9.2.custom.js&scripts[]=jquery/jquery.sprintf.js&scripts[]=jquery/jquery.cookie.js&scripts[]=jquery/jquery.mousewheel.js&scripts[]=jquery/jquery.event.drag-2.2.js&scripts[]=jquery/jquery-ui-timepicker-addon.js&scripts[]=jquery/jquery.ba-hashchange-1.3.js&scripts[]=jquery/jquery.debounce-1.0.5.js&scripts[]=jquery/jquery.menuResizer-1.0.js&scripts[]=rte.js&scripts[]=functions.js&scripts[]=navigation.js&scripts[]=indexes.js&scripts[]=common.js&scripts[]=tbl_change.js&scripts[]=tbl_structure.js&scripts[]=gis_data_editor.js&scripts[]=makegrid.js&scripts[]=sql.js&scripts[]=codemirror/lib/codemirror.js&scripts[]=codemirror/mode/mysql/mysql.js HTTP/1.1" 200 635923
::1 - - [02/May/2017:16:24:42 -0300] "GET /phpmyadmin/themes/pmahomme/img/left_nav_bg.png HTTP/1.1" 304 -
::1 - - [02/May/2017:16:24:42 -0300] "GET /phpmyadmin/themes/pmahomme/img/col_pointer.png HTTP/1.1" 304 -
::1 - - [02/May/2017:16:24:42 -0300] "GET /phpmyadmin/themes/pmahomme/img/col_drop.png HTTP/1.1" 304 -
::1 - - [02/May/2017:16:24:42 -0300] "GET /phpmyadmin/index.php?ajax_request=1&recent_table=1&token=a2ae5544bffbb5999a70df4dac9a6738 HTTP/1.1" 200 337
::1 - - [02/May/2017:16:24:47 -0300] "GET /listalivros.php HTTP/1.1" 200 2415
::1 - - [02/May/2017:16:25:56 -0300] "POST /phpmyadmin/tbl_replace.php HTTP/1.1" 200 3274
::1 - - [02/May/2017:16:26:04 -0300] "GET /locacao.php HTTP/1.1" 200 1704
::1 - - [02/May/2017:16:26:08 -0300] "POST /locacao.php HTTP/1.1" 200 1777
::1 - - [02/May/2017:16:26:32 -0300] "GET /phpmyadmin/sql.php?db=locador&table=usuarios&server=1&target=&token=a2ae5544bffbb5999a70df4dac9a6738 HTTP/1.1" 200 38539
::1 - - [02/May/2017:16:26:33 -0300] "GET /phpmyadmin/sql.php?db=locador&table=usuarios&server=1&target=&token=a2ae5544bffbb5999a70df4dac9a6738 HTTP/1.1" 200 38539
::1 - - [02/May/2017:16:26:33 -0300] "GET /phpmyadmin/index.php?ajax_request=1&recent_table=1&token=a2ae5544bffbb5999a70df4dac9a6738 HTTP/1.1" 200 337
::1 - - [02/May/2017:16:28:37 -0300] "POST /locacao.php HTTP/1.1" 200 1744
::1 - - [02/May/2017:16:28:40 -0300] "GET /locacao.php HTTP/1.1" 200 1704
::1 - - [02/May/2017:16:28:50 -0300] "POST /locacao.php HTTP/1.1" 200 1760
::1 - - [02/May/2017:16:29:24 -0300] "POST /locacao.php HTTP/1.1" 200 1760
::1 - - [02/May/2017:16:29:28 -0300] "GET /phpmyadmin/sql.php?db=locador&table=usuarios&server=1&target=&token=a2ae5544bffbb5999a70df4dac9a6738 HTTP/1.1" 200 38531
::1 - - [02/May/2017:16:29:28 -0300] "GET /phpmyadmin/sql.php?db=locador&table=usuarios&server=1&target=&token=a2ae5544bffbb5999a70df4dac9a6738 HTTP/1.1" 200 38531
::1 - - [02/May/2017:16:29:29 -0300] "GET /phpmyadmin/index.php?ajax_request=1&recent_table=1&token=a2ae5544bffbb5999a70df4dac9a6738 HTTP/1.1" 200 337
::1 - - [02/May/2017:16:30:02 -0300] "GET /phpmyadmin/db_structure.php?db=locador&token=a2ae5544bffbb5999a70df4dac9a6738&ajax_request=true&ajax_page_request=true&menuHashes=e2588e93&_nocache=1493753402591855224 HTTP/1.1" 200 15709
::1 - - [02/May/2017:16:30:02 -0300] "GET /phpmyadmin/js/get_scripts.js.php?scripts[]=db_structure.js HTTP/1.1" 200 5367
::1 - - [02/May/2017:16:30:05 -0300] "GET /phpmyadmin/sql.php?db=locador&token=a2ae5544bffbb5999a70df4dac9a6738&goto=db_structure.php&table=livros&pos=0&ajax_request=true&ajax_page_request=true&menuHashes=32461875-e2588e93&_nocache=1493753405015751821 HTTP/1.1" 200 39881
::1 - - [02/May/2017:16:30:05 -0300] "GET /phpmyadmin/index.php?ajax_request=1&recent_table=1&token=a2ae5544bffbb5999a70df4dac9a6738 HTTP/1.1" 200 337
::1 - - [02/May/2017:16:30:58 -0300] "GET /phpmyadmin/sql.php?db=locador&table=usuarios&server=1&target=&token=a2ae5544bffbb5999a70df4dac9a6738 HTTP/1.1" 200 38531
::1 - - [02/May/2017:16:30:58 -0300] "GET /phpmyadmin/sql.php?db=locador&table=livros&server=1&target=&token=a2ae5544bffbb5999a70df4dac9a6738 HTTP/1.1" 200 45485
::1 - - [02/May/2017:16:30:59 -0300] "GET /phpmyadmin/index.php?ajax_request=1&recent_table=1&token=a2ae5544bffbb5999a70df4dac9a6738 HTTP/1.1" 200 337
::1 - - [02/May/2017:16:36:01 -0300] "GET /phpmyadmin/sql.php?db=locador&table=livros&server=1&target=&token=a2ae5544bffbb5999a70df4dac9a6738 HTTP/1.1" 200 45485
::1 - - [02/May/2017:16:36:01 -0300] "GET /phpmyadmin/sql.php?db=locador&table=livros&server=1&target=&token=a2ae5544bffbb5999a70df4dac9a6738 HTTP/1.1" 200 45485
::1 - - [02/May/2017:16:36:02 -0300] "GET /phpmyadmin/index.php?ajax_request=1&recent_table=1&token=a2ae5544bffbb5999a70df4dac9a6738 HTTP/1.1" 200 337
::1 - - [02/May/2017:16:37:09 -0300] "POST /phpmyadmin/tbl_replace.php HTTP/1.1" 200 3291
::1 - - [02/May/2017:16:37:13 -0300] "GET /listalivros.php HTTP/1.1" 200 2422
::1 - - [02/May/2017:16:37:19 -0300] "POST /phpmyadmin/tbl_replace.php HTTP/1.1" 200 3228
::1 - - [03/May/2017:13:43:20 -0300] "GET / HTTP/1.1" 200 1154
::1 - - [03/May/2017:13:43:21 -0300] "GET /css/bootstrap.css HTTP/1.1" 304 -
::1 - - [03/May/2017:13:43:21 -0300] "GET /css/loja.css HTTP/1.1" 304 -
::1 - - [03/May/2017:13:44:22 -0300] "GET /listalivros.php HTTP/1.1" 200 2415
::1 - - [03/May/2017:13:44:28 -0300] "GET /phpmyadmin/ HTTP/1.1" 200 8233
::1 - - [03/May/2017:13:44:32 -0300] "GET /phpmyadmin/themes/pmahomme/jquery/jquery-ui-1.9.2.custom.css HTTP/1.1" 304 -
::1 - - [03/May/2017:13:44:32 -0300] "GET /phpmyadmin/phpmyadmin.css.php?server=1&token=a2ae5544bffbb5999a70df4dac9a6738&nocache=4480976280ltr HTTP/1.1" 200 92653
::1 - - [03/May/2017:13:44:32 -0300] "GET /phpmyadmin/js/get_image.js.php?theme=pmahomme HTTP/1.1" 200 6364
::1 - - [03/May/2017:13:44:32 -0300] "GET /phpmyadmin/js/messages.php?lang=pt&db=&server=0&token=a2ae5544bffbb5999a70df4dac9a6738 HTTP/1.1" 200 18108
::1 - - [03/May/2017:13:44:34 -0300] "GET /phpmyadmin/themes/pmahomme/img/logo_right.png HTTP/1.1" 304 -
::1 - - [03/May/2017:13:44:34 -0300] "GET /phpmyadmin/themes/dot.gif HTTP/1.1" 304 -
::1 - - [03/May/2017:13:44:32 -0300] "GET /phpmyadmin/js/get_scripts.js.php?scripts[]=jquery/jquery-1.8.3.js&scripts[]=ajax.js&scripts[]=keyhandler.js&scripts[]=jquery/jquery-ui-1.9.2.custom.js&scripts[]=jquery/jquery.sprintf.js&scripts[]=jquery/jquery.cookie.js&scripts[]=jquery/jquery.mousewheel.js&scripts[]=jquery/jquery.event.drag-2.2.js&scripts[]=jquery/jquery-ui-timepicker-addon.js&scripts[]=jquery/jquery.ba-hashchange-1.3.js&scripts[]=jquery/jquery.debounce-1.0.5.js&scripts[]=jquery/jquery.menuResizer-1.0.js&scripts[]=rte.js&scripts[]=functions.js&scripts[]=navigation.js&scripts[]=indexes.js&scripts[]=common.js&scripts[]=codemirror/lib/codemirror.js&scripts[]=codemirror/mode/mysql/mysql.js HTTP/1.1" 200 578621
::1 - - [03/May/2017:13:44:34 -0300] "GET /phpmyadmin/themes/pmahomme/img/sprites.png HTTP/1.1" 304 -
::1 - - [03/May/2017:13:44:37 -0300] "POST /phpmyadmin/index.php HTTP/1.1" 302 -
::1 - - [03/May/2017:13:44:37 -0300] "GET /phpmyadmin/index.php?token=a2ae5544bffbb5999a70df4dac9a6738 HTTP/1.1" 200 47438
::1 - - [03/May/2017:13:44:39 -0300] "GET /phpmyadmin/themes/pmahomme/img/logo_left.png HTTP/1.1" 304 -
::1 - - [03/May/2017:13:44:39 -0300] "GET /phpmyadmin/themes/pmahomme/img/ajax_clock_small.gif HTTP/1.1" 304 -
::1 - - [03/May/2017:13:44:39 -0300] "GET /phpmyadmin/phpmyadmin.css.php?server=1&token=a2ae5544bffbb5999a70df4dac9a6738&nocache=5974726709ltr HTTP/1.1" 200 92653
::1 - - [03/May/2017:13:44:39 -0300] "GET /phpmyadmin/themes/pmahomme/img/left_nav_bg.png HTTP/1.1" 304 -
::1 - - [03/May/2017:13:44:39 -0300] "GET /phpmyadmin/version_check.php?&_nocache=1493829879429810143 HTTP/1.1" 200 39
::1 - - [03/May/2017:13:44:43 -0300] "GET /phpmyadmin/server_databases.php?db=&token=a2ae5544bffbb5999a70df4dac9a6738&ajax_request=true&ajax_page_request=true&menuHashes=2cfebffa&_nocache=1493829883798736324 HTTP/1.1" 200 40223
::1 - - [03/May/2017:13:44:44 -0300] "GET /phpmyadmin/themes/pmahomme/img/arrow_ltr.png HTTP/1.1" 304 -
::1 - - [03/May/2017:13:44:44 -0300] "GET /phpmyadmin/js/get_scripts.js.php?scripts[]=server_databases.js HTTP/1.1" 200 1818
::1 - - [03/May/2017:13:44:47 -0300] "GET /phpmyadmin/db_structure.php?token=a2ae5544bffbb5999a70df4dac9a6738&db=locador&ajax_request=true&ajax_page_request=true&menuHashes=2cfebffa-13d7816d&_nocache=1493829887526520648 HTTP/1.1" 200 15709
::1 - - [03/May/2017:13:44:48 -0300] "GET /phpmyadmin/js/get_scripts.js.php?scripts[]=db_structure.js&scripts[]=tbl_change.js HTTP/1.1" 200 12382
::1 - - [03/May/2017:13:44:53 -0300] "GET /phpmyadmin/sql.php?db=locador&token=a2ae5544bffbb5999a70df4dac9a6738&goto=db_structure.php&table=livros&pos=0&ajax_request=true&ajax_page_request=true&menuHashes=32461875-2cfebffa-13d7816d&_nocache=1493829893630651931 HTTP/1.1" 200 39881
::1 - - [03/May/2017:13:44:54 -0300] "GET /phpmyadmin/js/get_scripts.js.php?scripts[]=tbl_structure.js&scripts[]=gis_data_editor.js&scripts[]=makegrid.js&scripts[]=sql.js HTTP/1.1" 200 50287
::1 - - [03/May/2017:13:44:54 -0300] "GET /phpmyadmin/themes/pmahomme/img/s_fulltext.png HTTP/1.1" 304 -
::1 - - [03/May/2017:13:44:54 -0300] "GET /phpmyadmin/themes/pmahomme/img/col_pointer.png HTTP/1.1" 304 -
::1 - - [03/May/2017:13:44:54 -0300] "GET /phpmyadmin/themes/pmahomme/img/col_drop.png HTTP/1.1" 304 -
::1 - - [03/May/2017:13:44:54 -0300] "GET /phpmyadmin/index.php?ajax_request=1&recent_table=1&token=a2ae5544bffbb5999a70df4dac9a6738 HTTP/1.1" 200 337
::1 - - [03/May/2017:13:57:51 -0300] "GET /phpmyadmin/db_structure.php?db=locador&token=a2ae5544bffbb5999a70df4dac9a6738 HTTP/1.1" 200 22095
::1 - - [03/May/2017:13:57:52 -0300] "GET /phpmyadmin/js/get_scripts.js.php?scripts[]=jquery/jquery-1.8.3.js&scripts[]=ajax.js&scripts[]=keyhandler.js&scripts[]=jquery/jquery-ui-1.9.2.custom.js&scripts[]=jquery/jquery.sprintf.js&scripts[]=jquery/jquery.cookie.js&scripts[]=jquery/jquery.mousewheel.js&scripts[]=jquery/jquery.event.drag-2.2.js&scripts[]=jquery/jquery-ui-timepicker-addon.js&scripts[]=jquery/jquery.ba-hashchange-1.3.js&scripts[]=jquery/jquery.debounce-1.0.5.js&scripts[]=jquery/jquery.menuResizer-1.0.js&scripts[]=rte.js&scripts[]=functions.js&scripts[]=navigation.js&scripts[]=indexes.js&scripts[]=common.js&scripts[]=db_structure.js&scripts[]=tbl_change.js&scripts[]=codemirror/lib/codemirror.js&scripts[]=codemirror/mode/mysql/mysql.js HTTP/1.1" 200 591003
::1 - - [03/May/2017:13:57:52 -0300] "GET /phpmyadmin/js/messages.php?lang=pt&db=locador&server=0&token=a2ae5544bffbb5999a70df4dac9a6738 HTTP/1.1" 200 18108
::1 - - [03/May/2017:13:57:54 -0300] "GET /phpmyadmin/sql.php?db=locador&token=a2ae5544bffbb5999a70df4dac9a6738&goto=db_structure.php&table=usuarios&pos=0&ajax_request=true&ajax_page_request=true&menuHashes=32461875&_nocache=1493830674376557044 HTTP/1.1" 200 32457
::1 - - [03/May/2017:13:57:54 -0300] "GET /phpmyadmin/index.php?ajax_request=1&recent_table=1&token=a2ae5544bffbb5999a70df4dac9a6738 HTTP/1.1" 200 337
::1 - - [03/May/2017:13:57:57 -0300] "POST /phpmyadmin/tbl_replace.php HTTP/1.1" 200 3274
::1 - - [03/May/2017:13:58:00 -0300] "POST /phpmyadmin/tbl_replace.php HTTP/1.1" 200 3274
::1 - - [03/May/2017:13:58:03 -0300] "POST /phpmyadmin/tbl_replace.php HTTP/1.1" 200 3274
::1 - - [03/May/2017:13:58:05 -0300] "POST /phpmyadmin/tbl_replace.php HTTP/1.1" 200 3274
::1 - - [03/May/2017:13:58:08 -0300] "POST /phpmyadmin/tbl_replace.php HTTP/1.1" 200 3274
::1 - - [03/May/2017:13:58:11 -0300] "POST /phpmyadmin/tbl_replace.php HTTP/1.1" 200 3274
::1 - - [03/May/2017:13:58:13 -0300] "POST /phpmyadmin/tbl_replace.php HTTP/1.1" 200 3274
::1 - - [03/May/2017:13:58:15 -0300] "POST /phpmyadmin/tbl_replace.php HTTP/1.1" 200 3274
::1 - - [03/May/2017:13:58:18 -0300] "POST /phpmyadmin/tbl_replace.php HTTP/1.1" 200 3274
::1 - - [03/May/2017:13:58:21 -0300] "POST /phpmyadmin/tbl_replace.php HTTP/1.1" 200 3274
::1 - - [03/May/2017:13:59:30 -0300] "GET /locacao.php HTTP/1.1" 200 1704
::1 - - [03/May/2017:14:00:57 -0300] "POST /locacao.php HTTP/1.1" 200 1749
::1 - - [03/May/2017:14:01:18 -0300] "GET /locacao.php HTTP/1.1" 200 1704
::1 - - [03/May/2017:14:01:23 -0300] "GET /phpmyadmin/index.php?token=a2ae5544bffbb5999a70df4dac9a6738 HTTP/1.1" 200 47438
::1 - - [03/May/2017:14:01:23 -0300] "GET /phpmyadmin/favicon.ico HTTP/1.1" 200 18902
::1 - - [03/May/2017:14:01:23 -0300] "GET /phpmyadmin/sql.php?db=locador&table=livros&server=1&target=&token=a2ae5544bffbb5999a70df4dac9a6738 HTTP/1.1" 200 45485
::1 - - [03/May/2017:14:01:24 -0300] "GET /phpmyadmin/js/get_scripts.js.php?scripts[]=jquery/jquery-1.8.3.js&scripts[]=ajax.js&scripts[]=keyhandler.js&scripts[]=jquery/jquery-ui-1.9.2.custom.js&scripts[]=jquery/jquery.sprintf.js&scripts[]=jquery/jquery.cookie.js&scripts[]=jquery/jquery.mousewheel.js&scripts[]=jquery/jquery.event.drag-2.2.js&scripts[]=jquery/jquery-ui-timepicker-addon.js&scripts[]=jquery/jquery.ba-hashchange-1.3.js&scripts[]=jquery/jquery.debounce-1.0.5.js&scripts[]=jquery/jquery.menuResizer-1.0.js&scripts[]=rte.js&scripts[]=functions.js&scripts[]=navigation.js&scripts[]=indexes.js&scripts[]=common.js&scripts[]=tbl_change.js&scripts[]=tbl_structure.js&scripts[]=gis_data_editor.js&scripts[]=makegrid.js&scripts[]=sql.js&scripts[]=codemirror/lib/codemirror.js&scripts[]=codemirror/mode/mysql/mysql.js HTTP/1.1" 200 635923
::1 - - [03/May/2017:14:01:24 -0300] "GET /phpmyadmin/js/messages.php?lang=pt&db=locador&token=a2ae5544bffbb5999a70df4dac9a6738 HTTP/1.1" 200 18108
::1 - - [03/May/2017:14:01:24 -0300] "GET /phpmyadmin/index.php?ajax_request=1&recent_table=1&token=a2ae5544bffbb5999a70df4dac9a6738 HTTP/1.1" 200 337
::1 - - [03/May/2017:14:01:25 -0300] "GET /phpmyadmin/db_structure.php?db=locador&token=a2ae5544bffbb5999a70df4dac9a6738 HTTP/1.1" 200 22095
::1 - - [03/May/2017:14:01:25 -0300] "GET /phpmyadmin/favicon.ico HTTP/1.1" 200 18902
::1 - - [03/May/2017:14:01:25 -0300] "GET /phpmyadmin/sql.php?db=locador&table=usuarios&server=1&target=&token=a2ae5544bffbb5999a70df4dac9a6738 HTTP/1.1" 200 38602
::1 - - [03/May/2017:14:01:26 -0300] "GET /phpmyadmin/index.php?ajax_request=1&recent_table=1&token=a2ae5544bffbb5999a70df4dac9a6738 HTTP/1.1" 200 337
::1 - - [03/May/2017:14:01:29 -0300] "POST /phpmyadmin/tbl_replace.php HTTP/1.1" 200 3274
::1 - - [03/May/2017:14:01:37 -0300] "POST /locacao.php HTTP/1.1" 200 1809
::1 - - [03/May/2017:14:01:39 -0300] "GET /locacao.php HTTP/1.1" 200 1704
::1 - - [03/May/2017:14:01:39 -0300] "GET /css/bootstrap.css HTTP/1.1" 304 -
::1 - - [03/May/2017:14:01:39 -0300] "GET /css/loja.css HTTP/1.1" 304 -
::1 - - [03/May/2017:14:01:42 -0300] "GET /phpmyadmin/sql.php?db=locador&table=livros&server=1&target=&token=a2ae5544bffbb5999a70df4dac9a6738 HTTP/1.1" 200 45485
::1 - - [03/May/2017:14:01:43 -0300] "GET /phpmyadmin/sql.php?db=locador&table=livros&server=1&target=&token=a2ae5544bffbb5999a70df4dac9a6738 HTTP/1.1" 200 45485
::1 - - [03/May/2017:14:01:43 -0300] "GET /phpmyadmin/index.php?ajax_request=1&recent_table=1&token=a2ae5544bffbb5999a70df4dac9a6738 HTTP/1.1" 200 337
::1 - - [03/May/2017:14:01:48 -0300] "GET /phpmyadmin/sql.php?db=locador&table=usuarios&server=1&target=&token=a2ae5544bffbb5999a70df4dac9a6738 HTTP/1.1" 200 38602
::1 - - [03/May/2017:14:01:49 -0300] "GET /phpmyadmin/sql.php?db=locador&table=usuarios&server=1&target=&token=a2ae5544bffbb5999a70df4dac9a6738 HTTP/1.1" 200 38602
::1 - - [03/May/2017:14:01:49 -0300] "GET /phpmyadmin/index.php?ajax_request=1&recent_table=1&token=a2ae5544bffbb5999a70df4dac9a6738 HTTP/1.1" 200 337
::1 - - [03/May/2017:14:02:22 -0300] "POST /phpmyadmin/tbl_replace.php HTTP/1.1" 200 3274
::1 - - [03/May/2017:14:02:31 -0300] "GET /locacao.php HTTP/1.1" 200 1704
::1 - - [03/May/2017:14:02:36 -0300] "POST /locacao.php HTTP/1.1" 200 1768
::1 - - [03/May/2017:14:02:42 -0300] "GET /locacao.php HTTP/1.1" 200 1704
::1 - - [03/May/2017:14:02:45 -0300] "GET /phpmyadmin/sql.php?db=locador&table=usuarios&server=1&target=&token=a2ae5544bffbb5999a70df4dac9a6738 HTTP/1.1" 200 38602
::1 - - [03/May/2017:14:02:45 -0300] "GET /phpmyadmin/sql.php?db=locador&table=usuarios&server=1&target=&token=a2ae5544bffbb5999a70df4dac9a6738 HTTP/1.1" 200 38602
::1 - - [03/May/2017:14:02:45 -0300] "GET /phpmyadmin/index.php?ajax_request=1&recent_table=1&token=a2ae5544bffbb5999a70df4dac9a6738 HTTP/1.1" 200 337
::1 - - [03/May/2017:14:02:49 -0300] "POST /phpmyadmin/tbl_replace.php HTTP/1.1" 200 3274
::1 - - [03/May/2017:14:05:06 -0300] "GET /phpmyadmin/sql.php?db=locador&table=usuarios&server=1&target=&token=a2ae5544bffbb5999a70df4dac9a6738 HTTP/1.1" 200 38609
::1 - - [03/May/2017:14:05:06 -0300] "GET /phpmyadmin/sql.php?db=locador&table=usuarios&server=1&target=&token=a2ae5544bffbb5999a70df4dac9a6738 HTTP/1.1" 200 38609
::1 - - [03/May/2017:14:05:07 -0300] "GET /phpmyadmin/index.php?ajax_request=1&recent_table=1&token=a2ae5544bffbb5999a70df4dac9a6738 HTTP/1.1" 200 337
::1 - - [03/May/2017:14:05:13 -0300] "POST /locacao.php HTTP/1.1" 200 1763
::1 - - [03/May/2017:14:06:03 -0300] "GET /phpmyadmin/sql.php?db=locador&table=usuarios&server=1&target=&token=a2ae5544bffbb5999a70df4dac9a6738 HTTP/1.1" 200 38602
::1 - - [03/May/2017:14:06:04 -0300] "GET /phpmyadmin/sql.php?db=locador&table=usuarios&server=1&target=&token=a2ae5544bffbb5999a70df4dac9a6738 HTTP/1.1" 200 38602
::1 - - [03/May/2017:14:06:04 -0300] "GET /phpmyadmin/index.php?ajax_request=1&recent_table=1&token=a2ae5544bffbb5999a70df4dac9a6738 HTTP/1.1" 200 337
::1 - - [03/May/2017:14:06:06 -0300] "POST /phpmyadmin/tbl_replace.php HTTP/1.1" 200 3274
::1 - - [03/May/2017:14:06:10 -0300] "GET /locacao.php HTTP/1.1" 200 1704
::1 - - [03/May/2017:14:06:12 -0300] "POST /locacao.php HTTP/1.1" 200 1754
::1 - - [03/May/2017:14:06:18 -0300] "GET /locacao.php HTTP/1.1" 200 1704
::1 - - [03/May/2017:14:06:20 -0300] "GET /phpmyadmin/sql.php?db=locador&table=livros&server=1&target=&token=a2ae5544bffbb5999a70df4dac9a6738 HTTP/1.1" 200 45485
::1 - - [03/May/2017:14:06:20 -0300] "GET /phpmyadmin/sql.php?db=locador&table=livros&server=1&target=&token=a2ae5544bffbb5999a70df4dac9a6738 HTTP/1.1" 200 45485
::1 - - [03/May/2017:14:06:21 -0300] "GET /phpmyadmin/index.php?ajax_request=1&recent_table=1&token=a2ae5544bffbb5999a70df4dac9a6738 HTTP/1.1" 200 337
::1 - - [03/May/2017:14:06:22 -0300] "GET /phpmyadmin/sql.php?db=locador&table=usuarios&server=1&target=&token=a2ae5544bffbb5999a70df4dac9a6738 HTTP/1.1" 200 38602
::1 - - [03/May/2017:14:06:23 -0300] "GET /phpmyadmin/sql.php?db=locador&table=usuarios&server=1&target=&token=a2ae5544bffbb5999a70df4dac9a6738 HTTP/1.1" 200 38602
::1 - - [03/May/2017:14:06:23 -0300] "GET /phpmyadmin/index.php?ajax_request=1&recent_table=1&token=a2ae5544bffbb5999a70df4dac9a6738 HTTP/1.1" 200 337
::1 - - [03/May/2017:14:06:30 -0300] "POST /phpmyadmin/tbl_replace.php HTTP/1.1" 200 3274
::1 - - [03/May/2017:14:06:40 -0300] "GET /phpmyadmin/db_structure.php?db=locador&token=a2ae5544bffbb5999a70df4dac9a6738 HTTP/1.1" 200 22095
::1 - - [03/May/2017:14:06:43 -0300] "GET /phpmyadmin/db_sql.php?db=locador&token=a2ae5544bffbb5999a70df4dac9a6738&db_query_force=1&ajax_request=true&ajax_page_request=true&menuHashes=32461875&_nocache=1493831203695194812 HTTP/1.1" 200 7216
::1 - - [03/May/2017:14:06:44 -0300] "GET /phpmyadmin/js/get_scripts.js.php?scripts[]=makegrid.js&scripts[]=sql.js HTTP/1.1" 200 35099
::1 - - [03/May/2017:14:09:06 -0300] "GET /phpmyadmin/tbl_structure.php?db=locador&table=livros&token=a2ae5544bffbb5999a70df4dac9a6738&ajax_request=true&ajax_page_request=true&menuHashes=b502aa5b&_nocache=1493831346433450865 HTTP/1.1" 200 42233
::1 - - [03/May/2017:14:09:06 -0300] "GET /phpmyadmin/index.php?ajax_request=1&recent_table=1&token=a2ae5544bffbb5999a70df4dac9a6738 HTTP/1.1" 200 337
::1 - - [03/May/2017:14:10:17 -0300] "GET /phpmyadmin/sql.php?db=locador&table=livros&token=a2ae5544bffbb5999a70df4dac9a6738&ajax_request=true&ajax_page_request=true&menuHashes=b502aa5b-4439ec05&_nocache=1493831417686498051 HTTP/1.1" 200 36796
::1 - - [03/May/2017:14:10:17 -0300] "GET /phpmyadmin/index.php?ajax_request=1&recent_table=1&token=a2ae5544bffbb5999a70df4dac9a6738 HTTP/1.1" 200 337
::1 - - [03/May/2017:14:10:26 -0300] "POST /phpmyadmin/import.php HTTP/1.1" 200 202
::1 - - [03/May/2017:14:10:32 -0300] "GET /phpmyadmin/db_structure.php?db=locador&token=a2ae5544bffbb5999a70df4dac9a6738&ajax_request=true&ajax_page_request=true&menuHashes=b502aa5b-4439ec05&_nocache=1493831432855380132 HTTP/1.1" 200 15709
::1 - - [03/May/2017:14:10:33 -0300] "GET /phpmyadmin/js/get_scripts.js.php?scripts[]=db_structure.js HTTP/1.1" 200 5367
::1 - - [03/May/2017:14:10:35 -0300] "GET /phpmyadmin/themes/pmahomme/jquery/images/ui-bg_flat_75_ffffff_40x100.png HTTP/1.1" 200 178
::1 - - [03/May/2017:14:10:35 -0300] "GET /phpmyadmin/themes/pmahomme/jquery/images/ui-bg_highlight-soft_75_cccccc_1x100.png HTTP/1.1" 200 101
::1 - - [03/May/2017:14:10:35 -0300] "GET /phpmyadmin/themes/pmahomme/jquery/images/ui-icons_222222_256x240.png HTTP/1.1" 200 4369
::1 - - [03/May/2017:14:10:35 -0300] "GET /phpmyadmin/themes/pmahomme/jquery/images/ui-bg_glass_75_e6e6e6_1x400.png HTTP/1.1" 200 110
::1 - - [03/May/2017:14:10:35 -0300] "GET /phpmyadmin/themes/pmahomme/jquery/images/ui-bg_flat_0_aaaaaa_40x100.png HTTP/1.1" 200 180
::1 - - [03/May/2017:14:10:35 -0300] "GET /phpmyadmin/themes/pmahomme/jquery/images/ui-bg_glass_75_dadada_1x400.png HTTP/1.1" 200 159
::1 - - [03/May/2017:14:10:36 -0300] "GET /phpmyadmin/themes/pmahomme/jquery/images/ui-bg_glass_65_ffffff_1x400.png HTTP/1.1" 200 105
::1 - - [03/May/2017:14:10:36 -0300] "GET /phpmyadmin/sql.php?db=locador&token=a2ae5544bffbb5999a70df4dac9a6738&goto=db_structure.php&table=livros&reload=1&purge=1&sql_query=DROP+TABLE+%60livros%60&message_to_show=A+tabela+livros+foi+eliminada&is_js_confirmed=1&ajax_request=true&_nocache=149383143674998283 HTTP/1.1" 200 1777
::1 - - [03/May/2017:14:10:37 -0300] "POST /phpmyadmin/navigation.php?ajax_request=1&token=a2ae5544bffbb5999a70df4dac9a6738 HTTP/1.1" 200 1287
::1 - - [03/May/2017:14:10:39 -0300] "POST /phpmyadmin/import.php HTTP/1.1" 200 5703
::1 - - [03/May/2017:14:10:40 -0300] "POST /phpmyadmin/navigation.php?ajax_request=1&token=a2ae5544bffbb5999a70df4dac9a6738 HTTP/1.1" 200 1287
::1 - - [03/May/2017:14:10:44 -0300] "GET /phpmyadmin/db_structure.php?db=locador&token=a2ae5544bffbb5999a70df4dac9a6738&ajax_request=true&ajax_page_request=true&menuHashes=32461875-ed4fa543&_nocache=1493831444771894477 HTTP/1.1" 200 12485
::1 - - [03/May/2017:14:10:46 -0300] "GET /phpmyadmin/sql.php?db=locador&token=a2ae5544bffbb5999a70df4dac9a6738&goto=db_structure.php&table=livros&pos=0&ajax_request=true&ajax_page_request=true&menuHashes=32461875-ed4fa543&_nocache=1493831446607549795 HTTP/1.1" 200 10258
::1 - - [03/May/2017:14:10:46 -0300] "GET /phpmyadmin/js/get_scripts.js.php?scripts[]=tbl_structure.js&scripts[]=gis_data_editor.js HTTP/1.1" 200 15188
::1 - - [03/May/2017:14:10:46 -0300] "GET /phpmyadmin/index.php?ajax_request=1&recent_table=1&token=a2ae5544bffbb5999a70df4dac9a6738 HTTP/1.1" 200 337
::1 - - [03/May/2017:14:10:48 -0300] "GET /phpmyadmin/db_structure.php?db=locador&token=a2ae5544bffbb5999a70df4dac9a6738&ajax_request=true&ajax_page_request=true&menuHashes=32461875-ed4fa543-b502aa5b&_nocache=149383144895160293 HTTP/1.1" 200 12485
::1 - - [03/May/2017:14:10:51 -0300] "GET /administrador.php HTTP/1.1" 200 1125
::1 - - [03/May/2017:14:10:54 -0300] "GET /formulario.php HTTP/1.1" 200 1852
::1 - - [03/May/2017:14:10:59 -0300] "POST /cadastrarlivro.php HTTP/1.1" 200 43
::1 - - [03/May/2017:14:11:09 -0300] "GET /phpmyadmin/sql.php?db=locador&token=a2ae5544bffbb5999a70df4dac9a6738&goto=db_structure.php&table=livros&pos=0&ajax_request=true&ajax_page_request=true&menuHashes=32461875-ed4fa543-b502aa5b&_nocache=1493831469540456209 HTTP/1.1" 200 7173
::1 - - [03/May/2017:14:11:09 -0300] "GET /phpmyadmin/index.php?ajax_request=1&recent_table=1&token=a2ae5544bffbb5999a70df4dac9a6738 HTTP/1.1" 200 337
::1 - - [03/May/2017:14:12:18 -0300] "POST /cadastrarlivro.php HTTP/1.1" 200 43
::1 - - [03/May/2017:14:12:30 -0300] "POST /cadastrarlivro.php HTTP/1.1" 200 113
::1 - - [03/May/2017:14:12:33 -0300] "GET /listalivros.php HTTP/1.1" 200 1516
::1 - - [03/May/2017:14:12:36 -0300] "GET /phpmyadmin/sql.php?db=locador&table=livros&server=1&target=&token=a2ae5544bffbb5999a70df4dac9a6738 HTTP/1.1" 200 27215
::1 - - [03/May/2017:14:12:36 -0300] "GET /phpmyadmin/favicon.ico HTTP/1.1" 200 18902
::1 - - [03/May/2017:14:12:36 -0300] "GET /phpmyadmin/db_structure.php?db=locador&table=&server=1&target=&token=a2ae5544bffbb5999a70df4dac9a6738 HTTP/1.1" 200 22059
::1 - - [03/May/2017:14:12:39 -0300] "GET /phpmyadmin/db_structure.php?db=locador&token=a2ae5544bffbb5999a70df4dac9a6738 HTTP/1.1" 200 22094
::1 - - [03/May/2017:14:12:40 -0300] "GET /phpmyadmin/sql.php?db=locador&table=livros&server=1&target=&token=a2ae5544bffbb5999a70df4dac9a6738 HTTP/1.1" 200 27215
::1 - - [03/May/2017:14:12:40 -0300] "GET /phpmyadmin/index.php?ajax_request=1&recent_table=1&token=a2ae5544bffbb5999a70df4dac9a6738 HTTP/1.1" 200 337
::1 - - [03/May/2017:14:12:57 -0300] "GET /locacao.php HTTP/1.1" 200 1704
::1 - - [03/May/2017:14:12:59 -0300] "GET /administrador.php HTTP/1.1" 200 1125
::1 - - [03/May/2017:14:13:01 -0300] "GET /formulario.php HTTP/1.1" 200 1852
::1 - - [03/May/2017:14:13:06 -0300] "POST /cadastrarlivro.php HTTP/1.1" 200 113
::1 - - [03/May/2017:14:13:08 -0300] "GET /listalivros.php HTTP/1.1" 200 1620
::1 - - [03/May/2017:14:13:11 -0300] "GET /administrador.php HTTP/1.1" 200 1125
::1 - - [03/May/2017:14:13:12 -0300] "GET /formulario.php HTTP/1.1" 200 1852
::1 - - [03/May/2017:14:13:22 -0300] "POST /cadastrarlivro.php HTTP/1.1" 200 113
::1 - - [03/May/2017:14:13:24 -0300] "GET /listalivros.php HTTP/1.1" 200 1723
::1 - - [03/May/2017:14:13:28 -0300] "GET /administrador.php HTTP/1.1" 200 1125
::1 - - [03/May/2017:14:13:30 -0300] "GET /formulario.php HTTP/1.1" 200 1852
::1 - - [03/May/2017:14:13:35 -0300] "POST /cadastrarlivro.php HTTP/1.1" 200 113
::1 - - [03/May/2017:14:13:37 -0300] "GET /listalivros.php HTTP/1.1" 200 1829
::1 - - [03/May/2017:14:13:41 -0300] "GET /locacao.php HTTP/1.1" 200 1704
::1 - - [03/May/2017:14:14:57 -0300] "GET /administrador.php HTTP/1.1" 200 1125
::1 - - [03/May/2017:14:14:58 -0300] "GET /formulario.php HTTP/1.1" 200 1852
::1 - - [03/May/2017:14:15:03 -0300] "POST /cadastrarlivro.php HTTP/1.1" 200 113
::1 - - [03/May/2017:14:15:05 -0300] "GET /listalivros.php HTTP/1.1" 200 1938
::1 - - [03/May/2017:14:15:15 -0300] "GET /phpmyadmin/sql.php?db=locador&table=livros&server=1&target=&token=a2ae5544bffbb5999a70df4dac9a6738 HTTP/1.1" 200 38433
::1 - - [03/May/2017:14:15:16 -0300] "GET /phpmyadmin/sql.php?db=locador&table=livros&server=1&target=&token=a2ae5544bffbb5999a70df4dac9a6738 HTTP/1.1" 200 38433
::1 - - [03/May/2017:14:15:16 -0300] "GET /phpmyadmin/index.php?ajax_request=1&recent_table=1&token=a2ae5544bffbb5999a70df4dac9a6738 HTTP/1.1" 200 337
::1 - - [03/May/2017:14:15:26 -0300] "GET /phpmyadmin/sql.php?db=locador&table=livros&sql_query=DELETE+FROM+%60locador%60.%60livros%60+WHERE+%60livros%60.%60id%60+%3D+5&message_to_show=Registo+eliminado&goto=sql.php%3Fdb%3Dlocador%26table%3Dlivros%26sql_query%3DSELECT%2B%252A%2BFROM%2B%2560livros%2560%26message_to_show%3DRegisto%2Beliminado%26goto%3Dtbl_sql.php%26token%3Da2ae5544bffbb5999a70df4dac9a6738&token=a2ae5544bffbb5999a70df4dac9a6738&ajax_request=true&ajax_page_request=true&menuHashes=b502aa5b&_nocache=1493831726517308659 HTTP/1.1" 200 4180
::1 - - [03/May/2017:14:15:26 -0300] "GET /phpmyadmin/index.php?ajax_request=1&recent_table=1&token=a2ae5544bffbb5999a70df4dac9a6738 HTTP/1.1" 200 337
::1 - - [03/May/2017:14:15:28 -0300] "POST /phpmyadmin/sql.php HTTP/1.1" 302 13190
::1 - - [03/May/2017:14:15:29 -0300] "GET /phpmyadmin/sql.php?db=locador&table=livros&sql_query=SELECT+%2A+FROM+%60livros%60&message_to_show=Registo+eliminado&goto=tbl_sql.php&token=a2ae5544bffbb5999a70df4dac9a6738&message=1+linhas+exclu%C3%ADda.+%28O+Query+demorou+0.2201+sec%29 HTTP/1.1" 200 37110
::1 - - [03/May/2017:14:15:29 -0300] "GET /phpmyadmin/index.php?ajax_request=1&recent_table=1&token=a2ae5544bffbb5999a70df4dac9a6738 HTTP/1.1" 200 337
::1 - - [03/May/2017:14:15:37 -0300] "GET /administrador.php HTTP/1.1" 200 1125
::1 - - [03/May/2017:14:15:39 -0300] "GET /formulario.php HTTP/1.1" 200 1852
::1 - - [03/May/2017:14:15:43 -0300] "POST /cadastrarlivro.php HTTP/1.1" 200 113
::1 - - [03/May/2017:14:15:45 -0300] "GET /listalivros.php HTTP/1.1" 200 1934
::1 - - [03/May/2017:14:15:51 -0300] "GET /phpmyadmin/sql.php?db=locador&table=livros&sql_query=SELECT+%2A+FROM+%60livros%60&message_to_show=Registo+eliminado&goto=tbl_sql.php&token=a2ae5544bffbb5999a70df4dac9a6738&message=1+linhas+exclu%C3%ADda.+%28O+Query+demorou+0.2201+sec%29 HTTP/1.1" 200 39432
::1 - - [03/May/2017:14:15:51 -0300] "GET /phpmyadmin/favicon.ico HTTP/1.1" 200 18902
::1 - - [03/May/2017:14:15:51 -0300] "GET /phpmyadmin/index.php?ajax_request=1&recent_table=1&token=a2ae5544bffbb5999a70df4dac9a6738 HTTP/1.1" 200 337
::1 - - [03/May/2017:14:15:57 -0300] "GET /locacao.php HTTP/1.1" 200 1704
::1 - - [03/May/2017:14:16:21 -0300] "POST /locacao.php HTTP/1.1" 200 1754
::1 - - [03/May/2017:14:16:25 -0300] "GET /listalivros.php HTTP/1.1" 200 1934
::1 - - [03/May/2017:14:16:29 -0300] "GET /phpmyadmin/sql.php?db=locador&table=livros&sql_query=SELECT+%2A+FROM+%60livros%60&message_to_show=Registo+eliminado&goto=tbl_sql.php&token=a2ae5544bffbb5999a70df4dac9a6738&message=1+linhas+exclu%C3%ADda.+%28O+Query+demorou+0.2201+sec%29 HTTP/1.1" 200 39432
::1 - - [03/May/2017:14:16:30 -0300] "GET /phpmyadmin/favicon.ico HTTP/1.1" 200 18902
::1 - - [03/May/2017:14:16:30 -0300] "GET /phpmyadmin/index.php?ajax_request=1&recent_table=1&token=a2ae5544bffbb5999a70df4dac9a6738 HTTP/1.1" 200 337
::1 - - [03/May/2017:14:16:38 -0300] "GET /phpmyadmin/sql.php?db=locador&table=usuarios&server=1&target=&token=a2ae5544bffbb5999a70df4dac9a6738 HTTP/1.1" 200 38601
::1 - - [03/May/2017:14:16:39 -0300] "GET /phpmyadmin/sql.php?db=locador&table=usuarios&server=1&target=&token=a2ae5544bffbb5999a70df4dac9a6738 HTTP/1.1" 200 38601
::1 - - [03/May/2017:14:16:39 -0300] "GET /phpmyadmin/index.php?ajax_request=1&recent_table=1&token=a2ae5544bffbb5999a70df4dac9a6738 HTTP/1.1" 200 337
::1 - - [03/May/2017:14:16:42 -0300] "POST /phpmyadmin/tbl_replace.php HTTP/1.1" 200 3274
::1 - - [03/May/2017:14:17:56 -0300] "GET /locacao.php HTTP/1.1" 200 1704
::1 - - [03/May/2017:14:18:18 -0300] "POST /locacao.php HTTP/1.1" 200 1704
::1 - - [03/May/2017:14:18:28 -0300] "GET /phpmyadmin/sql.php?db=locador&table=usuarios&server=1&target=&token=a2ae5544bffbb5999a70df4dac9a6738 HTTP/1.1" 200 38601
::1 - - [03/May/2017:14:18:28 -0300] "GET /phpmyadmin/sql.php?db=locador&table=usuarios&server=1&target=&token=a2ae5544bffbb5999a70df4dac9a6738 HTTP/1.1" 200 38601
::1 - - [03/May/2017:14:18:29 -0300] "GET /phpmyadmin/index.php?ajax_request=1&recent_table=1&token=a2ae5544bffbb5999a70df4dac9a6738 HTTP/1.1" 200 337
::1 - - [03/May/2017:14:18:30 -0300] "GET /phpmyadmin/sql.php?db=locador&table=livros&sql_query=SELECT+%2A+FROM+%60livros%60&message_to_show=Registo+eliminado&goto=tbl_sql.php&token=a2ae5544bffbb5999a70df4dac9a6738&message=1+linhas+exclu%C3%ADda.+%28O+Query+demorou+0.2201+sec%29 HTTP/1.1" 200 39432
::1 - - [03/May/2017:14:18:31 -0300] "GET /phpmyadmin/favicon.ico HTTP/1.1" 200 18902
::1 - - [03/May/2017:14:18:31 -0300] "GET /phpmyadmin/index.php?ajax_request=1&recent_table=1&token=a2ae5544bffbb5999a70df4dac9a6738 HTTP/1.1" 200 337
::1 - - [03/May/2017:14:18:35 -0300] "POST /phpmyadmin/tbl_replace.php HTTP/1.1" 200 3274
::1 - - [03/May/2017:14:19:16 -0300] "POST /locacao.php HTTP/1.1" 200 1716
::1 - - [03/May/2017:14:19:19 -0300] "GET /locacao.php HTTP/1.1" 200 1704
::1 - - [03/May/2017:14:19:21 -0300] "GET /phpmyadmin/sql.php?db=locador&table=usuarios&server=1&target=&token=a2ae5544bffbb5999a70df4dac9a6738 HTTP/1.1" 200 38601
::1 - - [03/May/2017:14:19:22 -0300] "GET /phpmyadmin/sql.php?db=locador&table=usuarios&server=1&target=&token=a2ae5544bffbb5999a70df4dac9a6738 HTTP/1.1" 200 38601
::1 - - [03/May/2017:14:19:23 -0300] "GET /phpmyadmin/index.php?ajax_request=1&recent_table=1&token=a2ae5544bffbb5999a70df4dac9a6738 HTTP/1.1" 200 337
::1 - - [03/May/2017:14:19:25 -0300] "POST /phpmyadmin/tbl_replace.php HTTP/1.1" 200 3274
::1 - - [03/May/2017:14:19:27 -0300] "GET /phpmyadmin/sql.php?db=locador&table=livros&sql_query=SELECT+%2A+FROM+%60livros%60&message_to_show=Registo+eliminado&goto=tbl_sql.php&token=a2ae5544bffbb5999a70df4dac9a6738&message=1+linhas+exclu%C3%ADda.+%28O+Query+demorou+0.2201+sec%29 HTTP/1.1" 200 39432
::1 - - [03/May/2017:14:19:28 -0300] "GET /phpmyadmin/favicon.ico HTTP/1.1" 200 18902
::1 - - [03/May/2017:14:19:28 -0300] "GET /phpmyadmin/index.php?ajax_request=1&recent_table=1&token=a2ae5544bffbb5999a70df4dac9a6738 HTTP/1.1" 200 337
::1 - - [03/May/2017:14:20:34 -0300] "POST /locacao.php HTTP/1.1" 200 1716
::1 - - [03/May/2017:14:20:39 -0300] "GET /phpmyadmin/sql.php?db=locador&table=livros&sql_query=SELECT+%2A+FROM+%60livros%60&message_to_show=Registo+eliminado&goto=tbl_sql.php&token=a2ae5544bffbb5999a70df4dac9a6738&message=1+linhas+exclu%C3%ADda.+%28O+Query+demorou+0.2201+sec%29 HTTP/1.1" 200 39432
::1 - - [03/May/2017:14:20:39 -0300] "GET /phpmyadmin/index.php?ajax_request=1&recent_table=1&token=a2ae5544bffbb5999a70df4dac9a6738 HTTP/1.1" 200 337
::1 - - [03/May/2017:14:20:39 -0300] "GET /phpmyadmin/favicon.ico HTTP/1.1" 200 18902
::1 - - [03/May/2017:14:20:39 -0300] "GET /phpmyadmin/sql.php?db=locador&table=usuarios&server=1&target=&token=a2ae5544bffbb5999a70df4dac9a6738 HTTP/1.1" 200 38601
::1 - - [03/May/2017:14:20:40 -0300] "GET /phpmyadmin/sql.php?db=locador&table=usuarios&server=1&target=&token=a2ae5544bffbb5999a70df4dac9a6738 HTTP/1.1" 200 38601
::1 - - [03/May/2017:14:20:40 -0300] "GET /phpmyadmin/index.php?ajax_request=1&recent_table=1&token=a2ae5544bffbb5999a70df4dac9a6738 HTTP/1.1" 200 337
::1 - - [03/May/2017:14:20:44 -0300] "POST /phpmyadmin/tbl_replace.php HTTP/1.1" 200 3274
::1 - - [03/May/2017:14:22:05 -0300] "GET /locacao.php HTTP/1.1" 200 1704
::1 - - [03/May/2017:14:29:38 -0300] "POST /locacao.php HTTP/1.1" 200 1718
::1 - - [03/May/2017:14:29:50 -0300] "GET /phpmyadmin/sql.php?db=locador&table=usuarios&server=1&target=&token=a2ae5544bffbb5999a70df4dac9a6738 HTTP/1.1" 200 38602
::1 - - [03/May/2017:14:29:51 -0300] "GET /phpmyadmin/favicon.ico HTTP/1.1" 200 18902
::1 - - [03/May/2017:14:29:51 -0300] "GET /phpmyadmin/sql.php?db=locador&table=usuarios&server=1&target=&token=a2ae5544bffbb5999a70df4dac9a6738 HTTP/1.1" 200 38602
::1 - - [03/May/2017:14:29:51 -0300] "GET /phpmyadmin/index.php?ajax_request=1&recent_table=1&token=a2ae5544bffbb5999a70df4dac9a6738 HTTP/1.1" 200 337
::1 - - [03/May/2017:14:29:54 -0300] "POST /phpmyadmin/tbl_replace.php HTTP/1.1" 200 3274
::1 - - [03/May/2017:14:30:30 -0300] "GET /locacao.php HTTP/1.1" 200 1704
::1 - - [03/May/2017:14:30:32 -0300] "POST /locacao.php HTTP/1.1" 200 1744
::1 - - [03/May/2017:14:34:44 -0300] "GET /phpmyadmin/tbl_sql.php?db=locador&table=livros&token=a2ae5544bffbb5999a70df4dac9a6738&ajax_request=true&ajax_page_request=true&_nocache=1493832884363883578 HTTP/1.1" 200 8467
::1 - - [03/May/2017:14:34:46 -0300] "GET /phpmyadmin/index.php?ajax_request=1&recent_table=1&token=a2ae5544bffbb5999a70df4dac9a6738 HTTP/1.1" 200 337
::1 - - [03/May/2017:14:35:13 -0300] "POST /phpmyadmin/import.php HTTP/1.1" 200 337
::1 - - [03/May/2017:14:37:36 -0300] "POST /phpmyadmin/import.php HTTP/1.1" 200 339
::1 - - [03/May/2017:14:37:45 -0300] "POST /phpmyadmin/import.php HTTP/1.1" 200 339
::1 - - [03/May/2017:14:38:01 -0300] "POST /phpmyadmin/import.php HTTP/1.1" 200 335
::1 - - [03/May/2017:14:39:51 -0300] "POST /phpmyadmin/import.php HTTP/1.1" 200 2788
::1 - - [03/May/2017:14:42:14 -0300] "GET /locacao.php HTTP/1.1" 200 1704
::1 - - [03/May/2017:14:42:17 -0300] "POST /locacao.php HTTP/1.1" 200 1917
::1 - - [03/May/2017:14:42:46 -0300] "GET /phpmyadmin/sql.php?db=locador&table=usuarios&server=1&target=&token=a2ae5544bffbb5999a70df4dac9a6738 HTTP/1.1" 200 38609
::1 - - [03/May/2017:14:42:47 -0300] "GET /phpmyadmin/favicon.ico HTTP/1.1" 200 18902
::1 - - [03/May/2017:14:42:47 -0300] "GET /phpmyadmin/sql.php?db=locador&table=usuarios&server=1&target=&token=a2ae5544bffbb5999a70df4dac9a6738 HTTP/1.1" 200 38609
::1 - - [03/May/2017:14:42:48 -0300] "GET /phpmyadmin/index.php?ajax_request=1&recent_table=1&token=a2ae5544bffbb5999a70df4dac9a6738 HTTP/1.1" 200 337
::1 - - [03/May/2017:14:42:51 -0300] "GET /phpmyadmin/sql.php?db=locador&table=livros&token=a2ae5544bffbb5999a70df4dac9a6738&ajax_request=true&ajax_page_request=true&menuHashes=41b1f3b4&_nocache=149383337109572226 HTTP/1.1" 200 32407
::1 - - [03/May/2017:14:42:51 -0300] "GET /phpmyadmin/index.php?ajax_request=1&recent_table=1&token=a2ae5544bffbb5999a70df4dac9a6738 HTTP/1.1" 200 337
::1 - - [03/May/2017:14:42:54 -0300] "GET /locacao.php HTTP/1.1" 200 1704
::1 - - [03/May/2017:14:42:58 -0300] "POST /locacao.php HTTP/1.1" 200 2040
::1 - - [03/May/2017:14:43:42 -0300] "POST /locacao.php HTTP/1.1" 200 1841
::1 - - [03/May/2017:14:44:09 -0300] "GET /phpmyadmin/sql.php?db=locador&table=usuarios&server=1&target=&token=a2ae5544bffbb5999a70df4dac9a6738 HTTP/1.1" 200 38602
::1 - - [03/May/2017:14:44:09 -0300] "GET /phpmyadmin/sql.php?db=locador&table=usuarios&server=1&target=&token=a2ae5544bffbb5999a70df4dac9a6738 HTTP/1.1" 200 38602
::1 - - [03/May/2017:14:44:10 -0300] "GET /phpmyadmin/index.php?ajax_request=1&recent_table=1&token=a2ae5544bffbb5999a70df4dac9a6738 HTTP/1.1" 200 337
::1 - - [03/May/2017:14:44:12 -0300] "POST /phpmyadmin/tbl_replace.php HTTP/1.1" 200 3274
::1 - - [03/May/2017:14:46:49 -0300] "POST /locacao.php HTTP/1.1" 200 1841
::1 - - [03/May/2017:14:47:02 -0300] "GET /phpmyadmin/sql.php?db=locador&table=usuarios&server=1&target=&token=a2ae5544bffbb5999a70df4dac9a6738 HTTP/1.1" 200 38602
::1 - - [03/May/2017:14:47:02 -0300] "GET /phpmyadmin/sql.php?db=locador&table=usuarios&server=1&target=&token=a2ae5544bffbb5999a70df4dac9a6738 HTTP/1.1" 200 38602
::1 - - [03/May/2017:14:47:03 -0300] "GET /phpmyadmin/index.php?ajax_request=1&recent_table=1&token=a2ae5544bffbb5999a70df4dac9a6738 HTTP/1.1" 200 337
::1 - - [03/May/2017:14:47:20 -0300] "POST /phpmyadmin/tbl_replace.php HTTP/1.1" 200 3274
::1 - - [03/May/2017:14:50:17 -0300] "GET /locacao.php HTTP/1.1" 200 1704
::1 - - [03/May/2017:14:52:53 -0300] "GET /listalivros.php HTTP/1.1" 200 1934
::1 - - [03/May/2017:14:53:09 -0300] "GET /administrador.php HTTP/1.1" 200 1125
::1 - - [03/May/2017:14:53:11 -0300] "GET /index.php HTTP/1.1" 200 1154
::1 - - [03/May/2017:14:53:27 -0300] "GET /locacao.php HTTP/1.1" 200 1704
::1 - - [03/May/2017:14:53:41 -0300] "GET /listalivros.php HTTP/1.1" 200 1934
::1 - - [03/May/2017:14:57:39 -0300] "GET /locacao.php HTTP/1.1" 200 1704
::1 - - [03/May/2017:14:57:46 -0300] "POST /locacao.php HTTP/1.1" 200 1754
::1 - - [03/May/2017:14:57:48 -0300] "GET /listalivros.php HTTP/1.1" 200 1936
::1 - - [03/May/2017:14:58:13 -0300] "GET /listalivros.php HTTP/1.1" 200 1839
::1 - - [03/May/2017:14:58:54 -0300] "GET /listalivros.php HTTP/1.1" 200 1998
::1 - - [03/May/2017:14:59:38 -0300] "GET /devolucao.php HTTP/1.1" 200 1863
::1 - - [03/May/2017:15:02:01 -0300] "GET /devolucao.php HTTP/1.1" 200 1773
::1 - - [03/May/2017:15:04:47 -0300] "GET /locacao.php HTTP/1.1" 200 1863
::1 - - [03/May/2017:15:04:50 -0300] "POST /locacao.php HTTP/1.1" 200 1913
::1 - - [03/May/2017:15:04:52 -0300] "GET /listalivros.php HTTP/1.1" 200 2000
::1 - - [03/May/2017:15:04:54 -0300] "GET /devolucao.php HTTP/1.1" 200 1773
::1 - - [03/May/2017:15:15:51 -0300] "GET /devolucao.php HTTP/1.1" 200 1773
::1 - - [03/May/2017:15:15:55 -0300] "GET /listalivros.php HTTP/1.1" 200 2000
::1 - - [03/May/2017:15:15:58 -0300] "GET /devolucao.php HTTP/1.1" 200 1773
::1 - - [03/May/2017:15:16:01 -0300] "POST /locacao.php HTTP/1.1" 200 1863
::1 - - [03/May/2017:15:16:04 -0300] "GET /listalivros.php HTTP/1.1" 200 2000
::1 - - [03/May/2017:15:16:06 -0300] "GET /devolucao.php HTTP/1.1" 200 1773
::1 - - [03/May/2017:15:16:07 -0300] "GET /listalivros.php HTTP/1.1" 200 2000
::1 - - [03/May/2017:15:16:31 -0300] "GET /devolucao.php HTTP/1.1" 200 1778
::1 - - [03/May/2017:15:16:33 -0300] "POST /devolucao.php HTTP/1.1" 200 1883
::1 - - [03/May/2017:15:16:35 -0300] "GET /listalivros.php HTTP/1.1" 200 1998
::1 - - [03/May/2017:15:17:19 -0300] "GET /listalivros.php HTTP/1.1" 200 2095
::1 - - [03/May/2017:15:17:24 -0300] "GET /devolucao.php HTTP/1.1" 200 1778
::1 - - [03/May/2017:15:17:26 -0300] "POST /devolucao.php HTTP/1.1" 200 1883
::1 - - [03/May/2017:15:17:28 -0300] "GET /listalivros.php HTTP/1.1" 200 2093
::1 - - [03/May/2017:15:17:34 -0300] "GET /locacao.php HTTP/1.1" 200 1863
::1 - - [03/May/2017:15:17:36 -0300] "GET /devolucao.php HTTP/1.1" 200 1778
::1 - - [03/May/2017:15:17:38 -0300] "GET /administrador.php HTTP/1.1" 200 1125
::1 - - [03/May/2017:15:17:38 -0300] "GET /formulario_user.php HTTP/1.1" 200 1764
::1 - - [03/May/2017:15:17:39 -0300] "GET /listar_user.php HTTP/1.1" 200 1753
::1 - - [03/May/2017:15:17:40 -0300] "GET /index.php HTTP/1.1" 200 1313
::1 - - [03/May/2017:15:17:41 -0300] "GET /index.php HTTP/1.1" 200 1313
