[Tue May 02 15:37:48.657014 2017] [mpm_winnt:notice] [pid 4248:tid 796] AH00455: Apache/2.4.6 (Win32) PHP/5.4.17 configured -- resuming normal operations
[Tue May 02 15:37:48.658013 2017] [mpm_winnt:notice] [pid 4248:tid 796] AH00456: Apache Lounge VC10 Server built: Jul 16 2013 11:15:41
[Tue May 02 15:37:48.658013 2017] [core:notice] [pid 4248:tid 796] AH00094: Command line: 'C:\\Users\\Matheus Barbosa\\Dropbox\\LEDS\\Libre\\BibliotecaLeDS/apache2/bin/httpd_usbwv8.exe -d C:/Users/Matheus Barbosa/Dropbox/LEDS/Libre/BibliotecaLeDS/apache2'
[Tue May 02 15:37:48.809123 2017] [mpm_winnt:notice] [pid 4248:tid 796] AH00418: Parent: Created child process 4128
[Tue May 02 15:37:50.618442 2017] [mpm_winnt:notice] [pid 4128:tid 816] AH00354: Child: Starting 64 worker threads.
[Tue May 02 15:52:43.553775 2017] [:error] [pid 4128:tid 1344] [client ::1:59275] PHP Fatal error:  Call to undefined function type() in C:\\Users\\Matheus Barbosa\\Dropbox\\LEDS\\Libre\\BibliotecaLeDS\\root\\funcoes_biblioteca.php on line 84, referer: http://localhost:8080/locacao.php
[Tue May 02 15:56:24.509860 2017] [:error] [pid 4128:tid 1340] [client ::1:59310] PHP Parse error:  syntax error, unexpected ';' in C:\\Users\\Matheus Barbosa\\Dropbox\\LEDS\\Libre\\BibliotecaLeDS\\root\\funcoes_biblioteca.php on line 84, referer: http://localhost:8080/locacao.php
[Tue May 02 16:02:51.582773 2017] [:error] [pid 4128:tid 1340] [client ::1:59339] PHP Parse error:  syntax error, unexpected end of file in C:\\Users\\Matheus Barbosa\\Dropbox\\LEDS\\Libre\\BibliotecaLeDS\\root\\funcoes_biblioteca.php on line 83, referer: http://localhost:8080/index.php
[Tue May 02 16:03:22.119983 2017] [:error] [pid 4128:tid 1340] [client ::1:59343] PHP Notice:  Undefined variable: i in C:\\Users\\Matheus Barbosa\\Dropbox\\LEDS\\Libre\\BibliotecaLeDS\\root\\funcoes_biblioteca.php on line 80, referer: http://localhost:8080/index.php
[Tue May 02 16:03:22.121041 2017] [:error] [pid 4128:tid 1340] [client ::1:59343] PHP Notice:  Undefined variable: i in C:\\Users\\Matheus Barbosa\\Dropbox\\LEDS\\Libre\\BibliotecaLeDS\\root\\funcoes_biblioteca.php on line 80, referer: http://localhost:8080/index.php
[Tue May 02 16:03:22.121985 2017] [:error] [pid 4128:tid 1340] [client ::1:59343] PHP Notice:  Undefined variable: i in C:\\Users\\Matheus Barbosa\\Dropbox\\LEDS\\Libre\\BibliotecaLeDS\\root\\funcoes_biblioteca.php on line 80, referer: http://localhost:8080/index.php
[Tue May 02 16:03:22.121985 2017] [:error] [pid 4128:tid 1340] [client ::1:59343] PHP Notice:  Undefined variable: i in C:\\Users\\Matheus Barbosa\\Dropbox\\LEDS\\Libre\\BibliotecaLeDS\\root\\funcoes_biblioteca.php on line 80, referer: http://localhost:8080/index.php
[Tue May 02 16:03:22.121985 2017] [:error] [pid 4128:tid 1340] [client ::1:59343] PHP Notice:  Undefined variable: i in C:\\Users\\Matheus Barbosa\\Dropbox\\LEDS\\Libre\\BibliotecaLeDS\\root\\funcoes_biblioteca.php on line 80, referer: http://localhost:8080/index.php
[Tue May 02 16:03:22.121985 2017] [:error] [pid 4128:tid 1340] [client ::1:59343] PHP Notice:  Undefined variable: i in C:\\Users\\Matheus Barbosa\\Dropbox\\LEDS\\Libre\\BibliotecaLeDS\\root\\funcoes_biblioteca.php on line 80, referer: http://localhost:8080/index.php
[Tue May 02 16:03:22.121985 2017] [:error] [pid 4128:tid 1340] [client ::1:59343] PHP Notice:  Undefined variable: i in C:\\Users\\Matheus Barbosa\\Dropbox\\LEDS\\Libre\\BibliotecaLeDS\\root\\funcoes_biblioteca.php on line 80, referer: http://localhost:8080/index.php
[Tue May 02 16:03:22.121985 2017] [:error] [pid 4128:tid 1340] [client ::1:59343] PHP Notice:  Undefined variable: i in C:\\Users\\Matheus Barbosa\\Dropbox\\LEDS\\Libre\\BibliotecaLeDS\\root\\funcoes_biblioteca.php on line 80, referer: http://localhost:8080/index.php
[Tue May 02 16:03:22.122985 2017] [:error] [pid 4128:tid 1340] [client ::1:59343] PHP Notice:  Undefined variable: i in C:\\Users\\Matheus Barbosa\\Dropbox\\LEDS\\Libre\\BibliotecaLeDS\\root\\funcoes_biblioteca.php on line 80, referer: http://localhost:8080/index.php
[Tue May 02 16:03:22.122985 2017] [:error] [pid 4128:tid 1340] [client ::1:59343] PHP Notice:  Undefined variable: i in C:\\Users\\Matheus Barbosa\\Dropbox\\LEDS\\Libre\\BibliotecaLeDS\\root\\funcoes_biblioteca.php on line 80, referer: http://localhost:8080/index.php
[Tue May 02 16:03:22.122985 2017] [:error] [pid 4128:tid 1340] [client ::1:59343] PHP Notice:  Undefined variable: i in C:\\Users\\Matheus Barbosa\\Dropbox\\LEDS\\Libre\\BibliotecaLeDS\\root\\funcoes_biblioteca.php on line 80, referer: http://localhost:8080/index.php
[Tue May 02 16:03:22.122985 2017] [:error] [pid 4128:tid 1340] [client ::1:59343] PHP Notice:  Undefined variable: i in C:\\Users\\Matheus Barbosa\\Dropbox\\LEDS\\Libre\\BibliotecaLeDS\\root\\funcoes_biblioteca.php on line 80, referer: http://localhost:8080/index.php
[Tue May 02 16:03:22.123987 2017] [:error] [pid 4128:tid 1340] [client ::1:59343] PHP Notice:  Undefined variable: i in C:\\Users\\Matheus Barbosa\\Dropbox\\LEDS\\Libre\\BibliotecaLeDS\\root\\funcoes_biblioteca.php on line 80, referer: http://localhost:8080/index.php
[Tue May 02 16:03:22.123987 2017] [:error] [pid 4128:tid 1340] [client ::1:59343] PHP Notice:  Undefined variable: i in C:\\Users\\Matheus Barbosa\\Dropbox\\LEDS\\Libre\\BibliotecaLeDS\\root\\funcoes_biblioteca.php on line 80, referer: http://localhost:8080/index.php
[Tue May 02 16:03:22.123987 2017] [:error] [pid 4128:tid 1340] [client ::1:59343] PHP Notice:  Undefined variable: i in C:\\Users\\Matheus Barbosa\\Dropbox\\LEDS\\Libre\\BibliotecaLeDS\\root\\funcoes_biblioteca.php on line 80, referer: http://localhost:8080/index.php
[Tue May 02 16:03:22.124987 2017] [:error] [pid 4128:tid 1340] [client ::1:59343] PHP Notice:  Undefined variable: i in C:\\Users\\Matheus Barbosa\\Dropbox\\LEDS\\Libre\\BibliotecaLeDS\\root\\funcoes_biblioteca.php on line 80, referer: http://localhost:8080/index.php
[Tue May 02 16:03:22.124987 2017] [:error] [pid 4128:tid 1340] [client ::1:59343] PHP Notice:  Undefined variable: i in C:\\Users\\Matheus Barbosa\\Dropbox\\LEDS\\Libre\\BibliotecaLeDS\\root\\funcoes_biblioteca.php on line 80, referer: http://localhost:8080/index.php
[Tue May 02 16:03:22.124987 2017] [:error] [pid 4128:tid 1340] [client ::1:59343] PHP Notice:  Undefined variable: i in C:\\Users\\Matheus Barbosa\\Dropbox\\LEDS\\Libre\\BibliotecaLeDS\\root\\funcoes_biblioteca.php on line 80, referer: http://localhost:8080/index.php
[Tue May 02 16:03:22.125987 2017] [:error] [pid 4128:tid 1340] [client ::1:59343] PHP Notice:  Undefined variable: i in C:\\Users\\Matheus Barbosa\\Dropbox\\LEDS\\Libre\\BibliotecaLeDS\\root\\funcoes_biblioteca.php on line 80, referer: http://localhost:8080/index.php
[Tue May 02 16:03:22.125987 2017] [:error] [pid 4128:tid 1340] [client ::1:59343] PHP Notice:  Undefined variable: i in C:\\Users\\Matheus Barbosa\\Dropbox\\LEDS\\Libre\\BibliotecaLeDS\\root\\funcoes_biblioteca.php on line 80, referer: http://localhost:8080/index.php
[Tue May 02 16:03:22.126988 2017] [:error] [pid 4128:tid 1340] [client ::1:59343] PHP Notice:  Undefined variable: i in C:\\Users\\Matheus Barbosa\\Dropbox\\LEDS\\Libre\\BibliotecaLeDS\\root\\funcoes_biblioteca.php on line 80, referer: http://localhost:8080/index.php
[Tue May 02 16:03:22.126988 2017] [:error] [pid 4128:tid 1340] [client ::1:59343] PHP Notice:  Undefined variable: i in C:\\Users\\Matheus Barbosa\\Dropbox\\LEDS\\Libre\\BibliotecaLeDS\\root\\funcoes_biblioteca.php on line 80, referer: http://localhost:8080/index.php
[Wed May 03 14:00:57.998568 2017] [:error] [pid 4128:tid 1336] [client ::1:50695] PHP Fatal error:  Call to undefined function locardor() in C:\\Users\\Matheus Barbosa\\Dropbox\\LEDS\\Libre\\BibliotecaLeDS\\root\\indentificacao.php on line 9, referer: http://localhost:8080/locacao.php
[Wed May 03 14:42:17.572282 2017] [:error] [pid 4128:tid 1340] [client ::1:51146] PHP Warning:  mysqli_query(): Empty query in C:\\Users\\Matheus Barbosa\\Dropbox\\LEDS\\Libre\\BibliotecaLeDS\\root\\funcoes_biblioteca.php on line 48, referer: http://localhost:8080/locacao.php
[Wed May 03 14:42:58.688640 2017] [:error] [pid 4128:tid 1348] [client ::1:51152] PHP Warning:  mysqli_query(): Empty query in C:\\Users\\Matheus Barbosa\\Dropbox\\LEDS\\Libre\\BibliotecaLeDS\\root\\funcoes_biblioteca.php on line 49, referer: http://localhost:8080/locacao.php
